2026/01/22 15:24:17 - mmengine - INFO - 
------------------------------------------------------------
System environment:
    sys.platform: linux
    Python: 3.11.14 (main, Oct 21 2025, 18:31:21) [GCC 11.2.0]
    CUDA available: True
    MUSA available: False
    numpy_random_seed: 1163442938
    GPU 0,1,2,3,4,5,6,7: NVIDIA GeForce RTX 5090
    CUDA_HOME: /usr/local/cuda-13.1
    NVCC: Cuda compilation tools, release 13.1, V13.1.115
    GCC: gcc (Ubuntu 12.3.0-1ubuntu1~22.04.2) 12.3.0
    PyTorch: 2.7.1+cu128
    PyTorch compiling details: PyTorch built with:
  - GCC 11.2
  - C++ Version: 201703
  - Intel(R) oneAPI Math Kernel Library Version 2024.2-Product Build 20240605 for Intel(R) 64 architecture applications
  - Intel(R) MKL-DNN v3.7.1 (Git Hash 8d263e693366ef8db40acc569cc7d8edf644556d)
  - OpenMP 201511 (a.k.a. OpenMP 4.5)
  - LAPACK is enabled (usually provided by MKL)
  - NNPACK is enabled
  - CPU capability usage: AVX512
  - CUDA Runtime 12.8
  - NVCC architecture flags: -gencode;arch=compute_75,code=sm_75;-gencode;arch=compute_80,code=sm_80;-gencode;arch=compute_86,code=sm_86;-gencode;arch=compute_90,code=sm_90;-gencode;arch=compute_100,code=sm_100;-gencode;arch=compute_120,code=sm_120;-gencode;arch=compute_120,code=compute_120
  - CuDNN 90.7.1
  - Magma 2.6.1
  - Build settings: BLAS_INFO=mkl, BUILD_TYPE=Release, COMMIT_SHA=e2d141dbde55c2a4370fac5165b0561b6af4798b, CUDA_VERSION=12.8, CUDNN_VERSION=9.7.1, CXX_COMPILER=/opt/rh/gcc-toolset-11/root/usr/bin/c++, CXX_FLAGS= -D_GLIBCXX_USE_CXX11_ABI=1 -fvisibility-inlines-hidden -DUSE_PTHREADPOOL -DNDEBUG -DUSE_KINETO -DLIBKINETO_NOROCTRACER -DLIBKINETO_NOXPUPTI=ON -DUSE_FBGEMM -DUSE_PYTORCH_QNNPACK -DUSE_XNNPACK -DSYMBOLICATE_MOBILE_DEBUG_HANDLE -O2 -fPIC -Wall -Wextra -Werror=return-type -Werror=non-virtual-dtor -Werror=range-loop-construct -Werror=bool-operation -Wnarrowing -Wno-missing-field-initializers -Wno-unknown-pragmas -Wno-unused-parameter -Wno-strict-overflow -Wno-strict-aliasing -Wno-stringop-overflow -Wsuggest-override -Wno-psabi -Wno-error=old-style-cast -fdiagnostics-color=always -faligned-new -Wno-maybe-uninitialized -fno-math-errno -fno-trapping-math -Werror=format -Wno-stringop-overflow, LAPACK_INFO=mkl, PERF_WITH_AVX=1, PERF_WITH_AVX2=1, TORCH_VERSION=2.7.1, USE_CUDA=ON, USE_CUDNN=ON, USE_CUSPARSELT=1, USE_GFLAGS=OFF, USE_GLOG=OFF, USE_GLOO=ON, USE_MKL=ON, USE_MKLDNN=ON, USE_MPI=OFF, USE_NCCL=1, USE_NNPACK=ON, USE_OPENMP=ON, USE_ROCM=OFF, USE_ROCM_KERNEL_ASSERT=OFF, 

    TorchVision: 0.22.1+cu128
    OpenCV: 4.11.0
    MMEngine: 0.10.7

Runtime environment:
    cudnn_benchmark: True
    mp_cfg: {'mp_start_method': 'fork', 'opencv_num_threads': 0}
    dist_cfg: {'backend': 'nccl'}
    seed: 1163442938
    Distributed launcher: pytorch
    Distributed training: True
    GPU number: 1
------------------------------------------------------------

2026/01/22 15:24:17 - mmengine - INFO - Config:
crop_size = (
    256,
    256,
)
data_preprocessor = dict(
    mean=[
        123.675,
        116.28,
        103.53,
        123.675,
        116.28,
        103.53,
    ],
    size=(
        256,
        256,
    ),
    std=[
        58.395,
        57.12,
        57.375,
        58.395,
        57.12,
        57.375,
    ],
    type='SegDataPreProcessor')
data_root = '/home/dell/gitrepos/MdaCD/Dataset/SYSUCD'
dataset_type = 'TXTCDDatasetJSON'
default_hooks = dict(
    checkpoint=dict(
        by_epoch=False,
        interval=20000,
        save_best='mIoU',
        type='CheckpointHook'),
    logger=dict(interval=10, log_metric_by_epoch=False, type='LoggerHook'),
    param_scheduler=dict(type='ParamSchedulerHook'),
    sampler_seed=dict(type='DistSamplerSeedHook'),
    timer=dict(type='IterTimerHook'),
    visualization=dict(type='SegVisualizationHook'))
default_scope = 'mmseg'
env_cfg = dict(
    cudnn_benchmark=True,
    dist_cfg=dict(backend='nccl'),
    mp_cfg=dict(mp_start_method='fork', opencv_num_threads=0))
find_unused_parameters = True
launcher = 'pytorch'
load_from = '/home/dell/gitrepos/MdaCD/work_dirs/MdaCD_SYSUCD_5/best_mIoU_iter_11000.pth'
log_level = 'INFO'
log_processor = dict(by_epoch=False)
metainfo = dict(
    classes=(
        'background',
        'building',
    ),
    palette=[
        [
            0,
            0,
            0,
        ],
        [
            255,
            255,
            255,
        ],
    ])
model = dict(
    backbone=dict(
        input_resolution=512,
        layers=[
            3,
            4,
            6,
            3,
        ],
        output_dim=1024,
        style='pytorch',
        type='CLIPResNetWithAttention'),
    context_decoder=dict(
        context_length=16,
        dropout=0.1,
        outdim=1024,
        style='pytorch',
        transformer_heads=4,
        transformer_layers=3,
        transformer_width=256,
        type='ContextDecoder',
        visual_dim=1024),
    context_length=64,
    decode_head=dict(
        align_corners=False,
        channels=256,
        dropout_ratio=0.1,
        feature_strides=[
            4,
            8,
            16,
            32,
        ],
        in_channels=[
            256,
            256,
            256,
            256,
        ],
        in_index=[
            0,
            1,
            2,
            3,
        ],
        loss_decode=dict(
            loss_weight=1.0, type='CrossEntropyLoss', use_sigmoid=False),
        norm_cfg=dict(requires_grad=True, type='BN'),
        num_classes=2,
        type='SwinTextDecode'),
    neck=dict(
        in_channels=[
            512,
            1024,
            2048,
            4100,
        ],
        num_outs=4,
        out_channels=256,
        type='FPN'),
    pretrained='/home/dell/gitrepos/MdaCD/RN50.pt',
    test_cfg=dict(mode='whole'),
    text_encoder=dict(
        context_length=77,
        embed_dim=1024,
        style='pytorch',
        transformer_heads=8,
        transformer_layers=12,
        transformer_width=512,
        type='CLIPTextContextEncoder'),
    text_head=False,
    train_cfg=dict(),
    type='AugCD')
norm_cfg = dict(requires_grad=True, type='BN')
optim_wrapper = dict(
    optimizer=dict(
        betas=(
            0.9,
            0.999,
        ), lr=3e-05, type='AdamW', weight_decay=0.01),
    paramwise_cfg=dict(
        custom_keys=dict(
            absolute_pos_embed=dict(decay_mult=0.0),
            norm=dict(decay_mult=0.0),
            relative_position_bias_table=dict(decay_mult=0.0))),
    type='OptimWrapper')
optimizer = dict(lr=0.01, momentum=0.9, type='SGD', weight_decay=0.0005)
param_scheduler = [
    dict(
        begin=0, by_epoch=False, end=1500, start_factor=1e-06,
        type='LinearLR'),
    dict(
        begin=1500,
        by_epoch=False,
        end=20000,
        eta_min=0.0,
        power=1.0,
        type='PolyLR'),
]
resume = False
test_cfg = dict(type='TestLoop')
test_dataloader = dict(
    batch_size=1,
    dataset=dict(
        ann_file='test.txt',
        data_prefix=dict(
            img_path='test/A', img_path2='test/B', seg_map_path='test/label'),
        data_root='/home/dell/gitrepos/MdaCD/Dataset/SYSUCD',
        metainfo=dict(
            classes=(
                'background',
                'building',
            ),
            palette=[
                [
                    0,
                    0,
                    0,
                ],
                [
                    255,
                    255,
                    255,
                ],
            ]),
        pipeline=[
            dict(type='LoadMultipleRSImageFromFile'),
            dict(type='LoadAnnotations'),
            dict(type='ConcatCDInput'),
            dict(type='PackCDInputs'),
        ],
        type='TXTCDDatasetJSON'),
    num_workers=4,
    persistent_workers=True,
    sampler=dict(shuffle=False, type='DefaultSampler'))
test_evaluator = dict(
    iou_metrics=[
        'mIoU',
    ],
    keep_results=True,
    output_dir='/home/dell/gitrepos/MdaCD/work_dirs/MdaCD_SYSUCD_5/test_result',
    type='IoUMetric')
test_pipeline = [
    dict(type='LoadMultipleRSImageFromFile'),
    dict(type='LoadAnnotations'),
    dict(type='ConcatCDInput'),
    dict(type='PackCDInputs'),
]
train_cfg = dict(max_iters=20000, type='IterBasedTrainLoop', val_interval=500)
train_dataloader = dict(
    batch_size=20,
    dataset=dict(
        ann_file='train.txt',
        data_prefix=dict(
            img_path='train/A',
            img_path2='train/B',
            seg_map_path='train/label'),
        data_root='/home/dell/gitrepos/MdaCD/Dataset/SYSUCD',
        metainfo=dict(
            classes=(
                'background',
                'building',
            ),
            palette=[
                [
                    0,
                    0,
                    0,
                ],
                [
                    255,
                    255,
                    255,
                ],
            ]),
        pipeline=[
            dict(type='LoadMultipleRSImageFromFile'),
            dict(type='LoadAnnotations'),
            dict(degree=180, prob=0.5, type='MultiImgRandomRotate'),
            dict(
                cat_max_ratio=0.75,
                crop_size=(
                    256,
                    256,
                ),
                type='MultiImgRandomCrop'),
            dict(direction='horizontal', prob=0.5, type='MultiImgRandomFlip'),
            dict(direction='vertical', prob=0.5, type='MultiImgRandomFlip'),
            dict(
                brightness_delta=10,
                contrast_range=(
                    0.8,
                    1.2,
                ),
                hue_delta=10,
                saturation_range=(
                    0.8,
                    1.2,
                ),
                type='MultiImgPhotoMetricDistortion'),
            dict(type='ConcatCDInput'),
            dict(type='PackCDInputs'),
        ],
        type='TXTCDDatasetJSON'),
    num_workers=8,
    persistent_workers=True,
    sampler=dict(shuffle=True, type='InfiniteSampler'))
train_pipeline = [
    dict(type='LoadMultipleRSImageFromFile'),
    dict(type='LoadAnnotations'),
    dict(degree=180, prob=0.5, type='MultiImgRandomRotate'),
    dict(
        cat_max_ratio=0.75, crop_size=(
            256,
            256,
        ), type='MultiImgRandomCrop'),
    dict(direction='horizontal', prob=0.5, type='MultiImgRandomFlip'),
    dict(direction='vertical', prob=0.5, type='MultiImgRandomFlip'),
    dict(
        brightness_delta=10,
        contrast_range=(
            0.8,
            1.2,
        ),
        hue_delta=10,
        saturation_range=(
            0.8,
            1.2,
        ),
        type='MultiImgPhotoMetricDistortion'),
    dict(type='ConcatCDInput'),
    dict(type='PackCDInputs'),
]
tta_model = dict(type='SegTTAModel')
tta_pipeline = [
    dict(type='LoadMultipleRSImageFromFile'),
    dict(
        transforms=[
            [
                dict(type='LoadAnnotations'),
            ],
            [
                dict(type='ConcatCDInput'),
            ],
            [
                dict(type='PackCDInputs'),
            ],
        ],
        type='TestTimeAug'),
]
val_cfg = dict(type='ValLoop')
val_dataloader = dict(
    batch_size=1,
    dataset=dict(
        ann_file='val.txt',
        data_prefix=dict(
            img_path='test/A', img_path2='test/B', seg_map_path='test/label'),
        data_root='/home/dell/gitrepos/MdaCD/Dataset/SYSUCD',
        metainfo=dict(
            classes=(
                'background',
                'building',
            ),
            palette=[
                [
                    0,
                    0,
                    0,
                ],
                [
                    255,
                    255,
                    255,
                ],
            ]),
        pipeline=[
            dict(type='LoadMultipleRSImageFromFile'),
            dict(type='LoadAnnotations'),
            dict(type='ConcatCDInput'),
            dict(type='PackCDInputs'),
        ],
        type='TXTCDDatasetJSON'),
    num_workers=4,
    persistent_workers=True,
    sampler=dict(shuffle=False, type='DefaultSampler'))
val_evaluator = dict(
    iou_metrics=[
        'mIoU',
    ], type='IoUMetric')
vis_backends = [
    dict(type='LocalVisBackend'),
]
visualizer = dict(
    name='visualizer',
    type='SegLocalVisualizer',
    vis_backends=[
        dict(type='LocalVisBackend'),
    ])
work_dir = './work_dirs/MdaCD_SYSUCD'

2026/01/22 15:24:22 - mmengine - INFO - Hooks will be executed in the following order:
before_run:
(VERY_HIGH   ) RuntimeInfoHook                    
(BELOW_NORMAL) LoggerHook                         
 -------------------- 
before_train:
(VERY_HIGH   ) RuntimeInfoHook                    
(NORMAL      ) IterTimerHook                      
(VERY_LOW    ) CheckpointHook                     
 -------------------- 
before_train_epoch:
(VERY_HIGH   ) RuntimeInfoHook                    
(NORMAL      ) IterTimerHook                      
(NORMAL      ) DistSamplerSeedHook                
 -------------------- 
before_train_iter:
(VERY_HIGH   ) RuntimeInfoHook                    
(NORMAL      ) IterTimerHook                      
 -------------------- 
after_train_iter:
(VERY_HIGH   ) RuntimeInfoHook                    
(NORMAL      ) IterTimerHook                      
(NORMAL      ) SegVisualizationHook               
(BELOW_NORMAL) LoggerHook                         
(LOW         ) ParamSchedulerHook                 
(VERY_LOW    ) CheckpointHook                     
 -------------------- 
after_train_epoch:
(NORMAL      ) IterTimerHook                      
(LOW         ) ParamSchedulerHook                 
(VERY_LOW    ) CheckpointHook                     
 -------------------- 
before_val:
(VERY_HIGH   ) RuntimeInfoHook                    
 -------------------- 
before_val_epoch:
(NORMAL      ) IterTimerHook                      
 -------------------- 
before_val_iter:
(NORMAL      ) IterTimerHook                      
 -------------------- 
after_val_iter:
(NORMAL      ) IterTimerHook                      
(NORMAL      ) SegVisualizationHook               
(BELOW_NORMAL) LoggerHook                         
 -------------------- 
after_val_epoch:
(VERY_HIGH   ) RuntimeInfoHook                    
(NORMAL      ) IterTimerHook                      
(BELOW_NORMAL) LoggerHook                         
(LOW         ) ParamSchedulerHook                 
(VERY_LOW    ) CheckpointHook                     
 -------------------- 
after_val:
(VERY_HIGH   ) RuntimeInfoHook                    
 -------------------- 
after_train:
(VERY_HIGH   ) RuntimeInfoHook                    
(VERY_LOW    ) CheckpointHook                     
 -------------------- 
before_test:
(VERY_HIGH   ) RuntimeInfoHook                    
 -------------------- 
before_test_epoch:
(NORMAL      ) IterTimerHook                      
 -------------------- 
before_test_iter:
(NORMAL      ) IterTimerHook                      
 -------------------- 
after_test_iter:
(NORMAL      ) IterTimerHook                      
(NORMAL      ) SegVisualizationHook               
(BELOW_NORMAL) LoggerHook                         
 -------------------- 
after_test_epoch:
(VERY_HIGH   ) RuntimeInfoHook                    
(NORMAL      ) IterTimerHook                      
(BELOW_NORMAL) LoggerHook                         
 -------------------- 
after_test:
(VERY_HIGH   ) RuntimeInfoHook                    
 -------------------- 
after_run:
(BELOW_NORMAL) LoggerHook                         
 -------------------- 
2026/01/22 15:24:22 - mmengine - WARNING - The prefix is not set in metric class IoUMetric.
2026/01/22 15:24:23 - mmengine - INFO - Load checkpoint from /home/dell/gitrepos/MdaCD/work_dirs/MdaCD_SYSUCD_5/best_mIoU_iter_11000.pth
2026/01/22 15:24:24 - mmengine - INFO - Iter(test) [  10/4000]    eta: 0:10:33  time: 0.1586  data_time: 0.0229  memory: 9330  
2026/01/22 15:24:25 - mmengine - INFO - Iter(test) [  20/4000]    eta: 0:06:14  time: 0.0298  data_time: 0.0014  memory: 1002  
2026/01/22 15:24:25 - mmengine - INFO - Iter(test) [  30/4000]    eta: 0:04:48  time: 0.0294  data_time: 0.0013  memory: 1002  
2026/01/22 15:24:25 - mmengine - INFO - Iter(test) [  40/4000]    eta: 0:04:04  time: 0.0290  data_time: 0.0013  memory: 1002  
2026/01/22 15:24:25 - mmengine - INFO - Iter(test) [  50/4000]    eta: 0:03:37  time: 0.0291  data_time: 0.0013  memory: 1002  
2026/01/22 15:24:26 - mmengine - INFO - Iter(test) [  60/4000]    eta: 0:03:20  time: 0.0296  data_time: 0.0013  memory: 1002  
2026/01/22 15:24:26 - mmengine - INFO - Iter(test) [  70/4000]    eta: 0:03:07  time: 0.0290  data_time: 0.0013  memory: 1002  
2026/01/22 15:24:26 - mmengine - INFO - Iter(test) [  80/4000]    eta: 0:02:58  time: 0.0301  data_time: 0.0014  memory: 1002  
2026/01/22 15:24:27 - mmengine - INFO - Iter(test) [  90/4000]    eta: 0:02:51  time: 0.0304  data_time: 0.0013  memory: 1002  
2026/01/22 15:24:27 - mmengine - INFO - Iter(test) [ 100/4000]    eta: 0:02:45  time: 0.0295  data_time: 0.0013  memory: 1002  
2026/01/22 15:24:27 - mmengine - INFO - Iter(test) [ 110/4000]    eta: 0:02:40  time: 0.0302  data_time: 0.0013  memory: 1002  
2026/01/22 15:24:28 - mmengine - INFO - Iter(test) [ 120/4000]    eta: 0:02:36  time: 0.0297  data_time: 0.0013  memory: 1002  
2026/01/22 15:24:28 - mmengine - INFO - Iter(test) [ 130/4000]    eta: 0:02:32  time: 0.0292  data_time: 0.0013  memory: 1002  
2026/01/22 15:24:28 - mmengine - INFO - Iter(test) [ 140/4000]    eta: 0:02:29  time: 0.0293  data_time: 0.0013  memory: 1002  
2026/01/22 15:24:28 - mmengine - INFO - Iter(test) [ 150/4000]    eta: 0:02:26  time: 0.0292  data_time: 0.0013  memory: 1002  
2026/01/22 15:24:29 - mmengine - INFO - Iter(test) [ 160/4000]    eta: 0:02:24  time: 0.0298  data_time: 0.0013  memory: 1002  
2026/01/22 15:24:29 - mmengine - INFO - Iter(test) [ 170/4000]    eta: 0:02:22  time: 0.0293  data_time: 0.0013  memory: 1002  
2026/01/22 15:24:29 - mmengine - INFO - Iter(test) [ 180/4000]    eta: 0:02:20  time: 0.0311  data_time: 0.0015  memory: 1002  
2026/01/22 15:24:30 - mmengine - INFO - Iter(test) [ 190/4000]    eta: 0:02:18  time: 0.0305  data_time: 0.0013  memory: 1002  
2026/01/22 15:24:30 - mmengine - INFO - Iter(test) [ 200/4000]    eta: 0:02:17  time: 0.0295  data_time: 0.0013  memory: 1002  
2026/01/22 15:24:30 - mmengine - INFO - Iter(test) [ 210/4000]    eta: 0:02:15  time: 0.0296  data_time: 0.0013  memory: 1002  
2026/01/22 15:24:31 - mmengine - INFO - Iter(test) [ 220/4000]    eta: 0:02:14  time: 0.0295  data_time: 0.0013  memory: 1002  
2026/01/22 15:24:31 - mmengine - INFO - Iter(test) [ 230/4000]    eta: 0:02:12  time: 0.0296  data_time: 0.0013  memory: 1002  
2026/01/22 15:24:31 - mmengine - INFO - Iter(test) [ 240/4000]    eta: 0:02:11  time: 0.0293  data_time: 0.0013  memory: 1002  
2026/01/22 15:24:31 - mmengine - INFO - Iter(test) [ 250/4000]    eta: 0:02:10  time: 0.0293  data_time: 0.0013  memory: 1002  
2026/01/22 15:24:32 - mmengine - INFO - Iter(test) [ 260/4000]    eta: 0:02:09  time: 0.0299  data_time: 0.0014  memory: 1002  
2026/01/22 15:24:32 - mmengine - INFO - Iter(test) [ 270/4000]    eta: 0:02:08  time: 0.0294  data_time: 0.0013  memory: 1002  
2026/01/22 15:24:32 - mmengine - INFO - Iter(test) [ 280/4000]    eta: 0:02:07  time: 0.0293  data_time: 0.0013  memory: 1002  
2026/01/22 15:24:33 - mmengine - INFO - Iter(test) [ 290/4000]    eta: 0:02:06  time: 0.0309  data_time: 0.0015  memory: 1002  
2026/01/22 15:24:33 - mmengine - INFO - Iter(test) [ 300/4000]    eta: 0:02:05  time: 0.0304  data_time: 0.0015  memory: 1002  
2026/01/22 15:24:33 - mmengine - INFO - Iter(test) [ 310/4000]    eta: 0:02:04  time: 0.0300  data_time: 0.0015  memory: 1002  
2026/01/22 15:24:33 - mmengine - INFO - Iter(test) [ 320/4000]    eta: 0:02:04  time: 0.0290  data_time: 0.0013  memory: 1002  
2026/01/22 15:24:34 - mmengine - INFO - Iter(test) [ 330/4000]    eta: 0:02:03  time: 0.0297  data_time: 0.0013  memory: 1002  
2026/01/22 15:24:34 - mmengine - INFO - Iter(test) [ 340/4000]    eta: 0:02:02  time: 0.0293  data_time: 0.0013  memory: 1002  
2026/01/22 15:24:34 - mmengine - INFO - Iter(test) [ 350/4000]    eta: 0:02:01  time: 0.0294  data_time: 0.0013  memory: 1002  
2026/01/22 15:24:35 - mmengine - INFO - Iter(test) [ 360/4000]    eta: 0:02:01  time: 0.0302  data_time: 0.0013  memory: 1002  
2026/01/22 15:24:35 - mmengine - INFO - Iter(test) [ 370/4000]    eta: 0:02:00  time: 0.0298  data_time: 0.0013  memory: 1002  
2026/01/22 15:24:35 - mmengine - INFO - Iter(test) [ 380/4000]    eta: 0:01:59  time: 0.0294  data_time: 0.0013  memory: 1002  
2026/01/22 15:24:36 - mmengine - INFO - Iter(test) [ 390/4000]    eta: 0:01:59  time: 0.0301  data_time: 0.0013  memory: 1002  
2026/01/22 15:24:36 - mmengine - INFO - Iter(test) [ 400/4000]    eta: 0:01:58  time: 0.0295  data_time: 0.0013  memory: 1002  
2026/01/22 15:24:36 - mmengine - INFO - Iter(test) [ 410/4000]    eta: 0:01:57  time: 0.0295  data_time: 0.0013  memory: 1002  
2026/01/22 15:24:36 - mmengine - INFO - Iter(test) [ 420/4000]    eta: 0:01:57  time: 0.0295  data_time: 0.0013  memory: 1002  
2026/01/22 15:24:37 - mmengine - INFO - Iter(test) [ 430/4000]    eta: 0:01:56  time: 0.0301  data_time: 0.0013  memory: 1002  
2026/01/22 15:24:37 - mmengine - INFO - Iter(test) [ 440/4000]    eta: 0:01:56  time: 0.0294  data_time: 0.0013  memory: 1002  
2026/01/22 15:24:37 - mmengine - INFO - Iter(test) [ 450/4000]    eta: 0:01:55  time: 0.0293  data_time: 0.0013  memory: 1002  
2026/01/22 15:24:38 - mmengine - INFO - Iter(test) [ 460/4000]    eta: 0:01:55  time: 0.0314  data_time: 0.0015  memory: 1002  
2026/01/22 15:24:38 - mmengine - INFO - Iter(test) [ 470/4000]    eta: 0:01:54  time: 0.0297  data_time: 0.0013  memory: 1002  
2026/01/22 15:24:38 - mmengine - INFO - Iter(test) [ 480/4000]    eta: 0:01:53  time: 0.0297  data_time: 0.0013  memory: 1002  
2026/01/22 15:24:39 - mmengine - INFO - Iter(test) [ 490/4000]    eta: 0:01:53  time: 0.0301  data_time: 0.0013  memory: 1002  
2026/01/22 15:24:39 - mmengine - INFO - Iter(test) [ 500/4000]    eta: 0:01:52  time: 0.0292  data_time: 0.0013  memory: 1002  
2026/01/22 15:24:39 - mmengine - INFO - Iter(test) [ 510/4000]    eta: 0:01:52  time: 0.0296  data_time: 0.0013  memory: 1002  
2026/01/22 15:24:39 - mmengine - INFO - Iter(test) [ 520/4000]    eta: 0:01:51  time: 0.0296  data_time: 0.0013  memory: 1002  
2026/01/22 15:24:40 - mmengine - INFO - Iter(test) [ 530/4000]    eta: 0:01:51  time: 0.0302  data_time: 0.0013  memory: 1002  
2026/01/22 15:24:40 - mmengine - INFO - Iter(test) [ 540/4000]    eta: 0:01:51  time: 0.0295  data_time: 0.0013  memory: 1002  
2026/01/22 15:24:40 - mmengine - INFO - Iter(test) [ 550/4000]    eta: 0:01:50  time: 0.0293  data_time: 0.0013  memory: 1002  
2026/01/22 15:24:41 - mmengine - INFO - Iter(test) [ 560/4000]    eta: 0:01:50  time: 0.0298  data_time: 0.0013  memory: 1002  
2026/01/22 15:24:41 - mmengine - INFO - Iter(test) [ 570/4000]    eta: 0:01:49  time: 0.0310  data_time: 0.0017  memory: 1002  
2026/01/22 15:24:41 - mmengine - INFO - Iter(test) [ 580/4000]    eta: 0:01:49  time: 0.0296  data_time: 0.0013  memory: 1002  
2026/01/22 15:24:42 - mmengine - INFO - Iter(test) [ 590/4000]    eta: 0:01:48  time: 0.0303  data_time: 0.0013  memory: 1002  
2026/01/22 15:24:42 - mmengine - INFO - Iter(test) [ 600/4000]    eta: 0:01:48  time: 0.0294  data_time: 0.0013  memory: 1002  
2026/01/22 15:24:42 - mmengine - INFO - Iter(test) [ 610/4000]    eta: 0:01:47  time: 0.0297  data_time: 0.0013  memory: 1002  
2026/01/22 15:24:42 - mmengine - INFO - Iter(test) [ 620/4000]    eta: 0:01:47  time: 0.0298  data_time: 0.0013  memory: 1002  
2026/01/22 15:24:43 - mmengine - INFO - Iter(test) [ 630/4000]    eta: 0:01:47  time: 0.0311  data_time: 0.0014  memory: 1002  
2026/01/22 15:24:43 - mmengine - INFO - Iter(test) [ 640/4000]    eta: 0:01:46  time: 0.0312  data_time: 0.0015  memory: 1002  
2026/01/22 15:24:43 - mmengine - INFO - Iter(test) [ 650/4000]    eta: 0:01:46  time: 0.0319  data_time: 0.0014  memory: 1002  
2026/01/22 15:24:44 - mmengine - INFO - Iter(test) [ 660/4000]    eta: 0:01:46  time: 0.0304  data_time: 0.0014  memory: 1002  
2026/01/22 15:24:44 - mmengine - INFO - Iter(test) [ 670/4000]    eta: 0:01:45  time: 0.0297  data_time: 0.0013  memory: 1002  
2026/01/22 15:24:44 - mmengine - INFO - Iter(test) [ 680/4000]    eta: 0:01:45  time: 0.0295  data_time: 0.0013  memory: 1002  
2026/01/22 15:24:45 - mmengine - INFO - Iter(test) [ 690/4000]    eta: 0:01:44  time: 0.0299  data_time: 0.0013  memory: 1002  
2026/01/22 15:24:45 - mmengine - INFO - Iter(test) [ 700/4000]    eta: 0:01:44  time: 0.0297  data_time: 0.0014  memory: 1002  
2026/01/22 15:24:45 - mmengine - INFO - Iter(test) [ 710/4000]    eta: 0:01:44  time: 0.0294  data_time: 0.0013  memory: 1002  
2026/01/22 15:24:45 - mmengine - INFO - Iter(test) [ 720/4000]    eta: 0:01:43  time: 0.0295  data_time: 0.0013  memory: 1002  
2026/01/22 15:24:46 - mmengine - INFO - Iter(test) [ 730/4000]    eta: 0:01:43  time: 0.0298  data_time: 0.0013  memory: 1002  
2026/01/22 15:24:46 - mmengine - INFO - Iter(test) [ 740/4000]    eta: 0:01:42  time: 0.0296  data_time: 0.0014  memory: 1002  
2026/01/22 15:24:46 - mmengine - INFO - Iter(test) [ 750/4000]    eta: 0:01:42  time: 0.0295  data_time: 0.0013  memory: 1002  
2026/01/22 15:24:47 - mmengine - INFO - Iter(test) [ 760/4000]    eta: 0:01:42  time: 0.0298  data_time: 0.0015  memory: 1002  
2026/01/22 15:24:47 - mmengine - INFO - Iter(test) [ 770/4000]    eta: 0:01:41  time: 0.0295  data_time: 0.0014  memory: 1002  
2026/01/22 15:24:47 - mmengine - INFO - Iter(test) [ 780/4000]    eta: 0:01:41  time: 0.0296  data_time: 0.0013  memory: 1002  
2026/01/22 15:24:48 - mmengine - INFO - Iter(test) [ 790/4000]    eta: 0:01:40  time: 0.0295  data_time: 0.0013  memory: 1002  
2026/01/22 15:24:48 - mmengine - INFO - Iter(test) [ 800/4000]    eta: 0:01:40  time: 0.0296  data_time: 0.0014  memory: 1002  
2026/01/22 15:24:48 - mmengine - INFO - Iter(test) [ 810/4000]    eta: 0:01:40  time: 0.0295  data_time: 0.0013  memory: 1002  
2026/01/22 15:24:48 - mmengine - INFO - Iter(test) [ 820/4000]    eta: 0:01:39  time: 0.0295  data_time: 0.0013  memory: 1002  
2026/01/22 15:24:49 - mmengine - INFO - Iter(test) [ 830/4000]    eta: 0:01:39  time: 0.0295  data_time: 0.0013  memory: 1002  
2026/01/22 15:24:49 - mmengine - INFO - Iter(test) [ 840/4000]    eta: 0:01:38  time: 0.0299  data_time: 0.0013  memory: 1002  
2026/01/22 15:24:49 - mmengine - INFO - Iter(test) [ 850/4000]    eta: 0:01:38  time: 0.0297  data_time: 0.0013  memory: 1002  
2026/01/22 15:24:50 - mmengine - INFO - Iter(test) [ 860/4000]    eta: 0:01:38  time: 0.0296  data_time: 0.0014  memory: 1002  
2026/01/22 15:24:50 - mmengine - INFO - Iter(test) [ 870/4000]    eta: 0:01:37  time: 0.0297  data_time: 0.0014  memory: 1002  
2026/01/22 15:24:50 - mmengine - INFO - Iter(test) [ 880/4000]    eta: 0:01:37  time: 0.0297  data_time: 0.0013  memory: 1002  
2026/01/22 15:24:50 - mmengine - INFO - Iter(test) [ 890/4000]    eta: 0:01:37  time: 0.0294  data_time: 0.0013  memory: 1002  
2026/01/22 15:24:51 - mmengine - INFO - Iter(test) [ 900/4000]    eta: 0:01:36  time: 0.0296  data_time: 0.0014  memory: 1002  
2026/01/22 15:24:51 - mmengine - INFO - Iter(test) [ 910/4000]    eta: 0:01:36  time: 0.0294  data_time: 0.0013  memory: 1002  
2026/01/22 15:24:51 - mmengine - INFO - Iter(test) [ 920/4000]    eta: 0:01:35  time: 0.0296  data_time: 0.0013  memory: 1002  
2026/01/22 15:24:52 - mmengine - INFO - Iter(test) [ 930/4000]    eta: 0:01:35  time: 0.0295  data_time: 0.0013  memory: 1002  
2026/01/22 15:24:52 - mmengine - INFO - Iter(test) [ 940/4000]    eta: 0:01:35  time: 0.0296  data_time: 0.0014  memory: 1002  
2026/01/22 15:24:52 - mmengine - INFO - Iter(test) [ 950/4000]    eta: 0:01:34  time: 0.0294  data_time: 0.0014  memory: 1002  
2026/01/22 15:24:53 - mmengine - INFO - Iter(test) [ 960/4000]    eta: 0:01:34  time: 0.0296  data_time: 0.0013  memory: 1002  
2026/01/22 15:24:53 - mmengine - INFO - Iter(test) [ 970/4000]    eta: 0:01:34  time: 0.0294  data_time: 0.0013  memory: 1002  
2026/01/22 15:24:53 - mmengine - INFO - Iter(test) [ 980/4000]    eta: 0:01:33  time: 0.0298  data_time: 0.0014  memory: 1002  
2026/01/22 15:24:53 - mmengine - INFO - Iter(test) [ 990/4000]    eta: 0:01:33  time: 0.0294  data_time: 0.0013  memory: 1002  
2026/01/22 15:24:54 - mmengine - INFO - Iter(test) [1000/4000]    eta: 0:01:33  time: 0.0295  data_time: 0.0013  memory: 1002  
2026/01/22 15:24:54 - mmengine - INFO - Iter(test) [1010/4000]    eta: 0:01:32  time: 0.0296  data_time: 0.0013  memory: 1002  
2026/01/22 15:24:54 - mmengine - INFO - Iter(test) [1020/4000]    eta: 0:01:32  time: 0.0297  data_time: 0.0014  memory: 1002  
2026/01/22 15:24:55 - mmengine - INFO - Iter(test) [1030/4000]    eta: 0:01:32  time: 0.0297  data_time: 0.0013  memory: 1002  
2026/01/22 15:24:55 - mmengine - INFO - Iter(test) [1040/4000]    eta: 0:01:31  time: 0.0297  data_time: 0.0013  memory: 1002  
2026/01/22 15:24:55 - mmengine - INFO - Iter(test) [1050/4000]    eta: 0:01:31  time: 0.0295  data_time: 0.0013  memory: 1002  
2026/01/22 15:24:56 - mmengine - INFO - Iter(test) [1060/4000]    eta: 0:01:30  time: 0.0297  data_time: 0.0013  memory: 1002  
2026/01/22 15:24:56 - mmengine - INFO - Iter(test) [1070/4000]    eta: 0:01:30  time: 0.0297  data_time: 0.0013  memory: 1002  
2026/01/22 15:24:56 - mmengine - INFO - Iter(test) [1080/4000]    eta: 0:01:30  time: 0.0296  data_time: 0.0013  memory: 1002  
2026/01/22 15:24:56 - mmengine - INFO - Iter(test) [1090/4000]    eta: 0:01:29  time: 0.0296  data_time: 0.0013  memory: 1002  
2026/01/22 15:24:57 - mmengine - INFO - Iter(test) [1100/4000]    eta: 0:01:29  time: 0.0297  data_time: 0.0013  memory: 1002  
2026/01/22 15:24:57 - mmengine - INFO - Iter(test) [1110/4000]    eta: 0:01:29  time: 0.0295  data_time: 0.0013  memory: 1002  
2026/01/22 15:24:57 - mmengine - INFO - Iter(test) [1120/4000]    eta: 0:01:28  time: 0.0296  data_time: 0.0013  memory: 1002  
2026/01/22 15:24:58 - mmengine - INFO - Iter(test) [1130/4000]    eta: 0:01:28  time: 0.0296  data_time: 0.0013  memory: 1002  
2026/01/22 15:24:58 - mmengine - INFO - Iter(test) [1140/4000]    eta: 0:01:28  time: 0.0296  data_time: 0.0014  memory: 1002  
2026/01/22 15:24:58 - mmengine - INFO - Iter(test) [1150/4000]    eta: 0:01:27  time: 0.0294  data_time: 0.0013  memory: 1002  
2026/01/22 15:24:58 - mmengine - INFO - Iter(test) [1160/4000]    eta: 0:01:27  time: 0.0295  data_time: 0.0013  memory: 1002  
2026/01/22 15:24:59 - mmengine - INFO - Iter(test) [1170/4000]    eta: 0:01:27  time: 0.0296  data_time: 0.0013  memory: 1002  
2026/01/22 15:24:59 - mmengine - INFO - Iter(test) [1180/4000]    eta: 0:01:26  time: 0.0296  data_time: 0.0013  memory: 1002  
2026/01/22 15:24:59 - mmengine - INFO - Iter(test) [1190/4000]    eta: 0:01:26  time: 0.0295  data_time: 0.0013  memory: 1002  
2026/01/22 15:25:00 - mmengine - INFO - Iter(test) [1200/4000]    eta: 0:01:26  time: 0.0299  data_time: 0.0013  memory: 1002  
2026/01/22 15:25:00 - mmengine - INFO - Iter(test) [1210/4000]    eta: 0:01:25  time: 0.0294  data_time: 0.0013  memory: 1002  
2026/01/22 15:25:00 - mmengine - INFO - Iter(test) [1220/4000]    eta: 0:01:25  time: 0.0296  data_time: 0.0013  memory: 1002  
2026/01/22 15:25:01 - mmengine - INFO - Iter(test) [1230/4000]    eta: 0:01:25  time: 0.0295  data_time: 0.0013  memory: 1002  
2026/01/22 15:25:01 - mmengine - INFO - Iter(test) [1240/4000]    eta: 0:01:24  time: 0.0296  data_time: 0.0013  memory: 1002  
2026/01/22 15:25:01 - mmengine - INFO - Iter(test) [1250/4000]    eta: 0:01:24  time: 0.0298  data_time: 0.0013  memory: 1002  
2026/01/22 15:25:01 - mmengine - INFO - Iter(test) [1260/4000]    eta: 0:01:24  time: 0.0296  data_time: 0.0013  memory: 1002  
2026/01/22 15:25:02 - mmengine - INFO - Iter(test) [1270/4000]    eta: 0:01:23  time: 0.0295  data_time: 0.0013  memory: 1002  
2026/01/22 15:25:02 - mmengine - INFO - Iter(test) [1280/4000]    eta: 0:01:23  time: 0.0296  data_time: 0.0013  memory: 1002  
2026/01/22 15:25:02 - mmengine - INFO - Iter(test) [1290/4000]    eta: 0:01:23  time: 0.0294  data_time: 0.0013  memory: 1002  
2026/01/22 15:25:03 - mmengine - INFO - Iter(test) [1300/4000]    eta: 0:01:22  time: 0.0295  data_time: 0.0013  memory: 1002  
2026/01/22 15:25:03 - mmengine - INFO - Iter(test) [1310/4000]    eta: 0:01:22  time: 0.0295  data_time: 0.0013  memory: 1002  
2026/01/22 15:25:03 - mmengine - INFO - Iter(test) [1320/4000]    eta: 0:01:22  time: 0.0296  data_time: 0.0013  memory: 1002  
2026/01/22 15:25:04 - mmengine - INFO - Iter(test) [1330/4000]    eta: 0:01:21  time: 0.0295  data_time: 0.0013  memory: 1002  
2026/01/22 15:25:04 - mmengine - INFO - Iter(test) [1340/4000]    eta: 0:01:21  time: 0.0297  data_time: 0.0013  memory: 1002  
2026/01/22 15:25:04 - mmengine - INFO - Iter(test) [1350/4000]    eta: 0:01:21  time: 0.0295  data_time: 0.0013  memory: 1002  
2026/01/22 15:25:04 - mmengine - INFO - Iter(test) [1360/4000]    eta: 0:01:20  time: 0.0299  data_time: 0.0013  memory: 1002  
2026/01/22 15:25:05 - mmengine - INFO - Iter(test) [1370/4000]    eta: 0:01:20  time: 0.0296  data_time: 0.0013  memory: 1002  
2026/01/22 15:25:05 - mmengine - INFO - Iter(test) [1380/4000]    eta: 0:01:20  time: 0.0296  data_time: 0.0013  memory: 1002  
2026/01/22 15:25:05 - mmengine - INFO - Iter(test) [1390/4000]    eta: 0:01:19  time: 0.0294  data_time: 0.0013  memory: 1002  
2026/01/22 15:25:06 - mmengine - INFO - Iter(test) [1400/4000]    eta: 0:01:19  time: 0.0296  data_time: 0.0013  memory: 1002  
2026/01/22 15:25:06 - mmengine - INFO - Iter(test) [1410/4000]    eta: 0:01:19  time: 0.0295  data_time: 0.0013  memory: 1002  
2026/01/22 15:25:06 - mmengine - INFO - Iter(test) [1420/4000]    eta: 0:01:18  time: 0.0296  data_time: 0.0013  memory: 1002  
2026/01/22 15:25:06 - mmengine - INFO - Iter(test) [1430/4000]    eta: 0:01:18  time: 0.0296  data_time: 0.0013  memory: 1002  
2026/01/22 15:25:07 - mmengine - INFO - Iter(test) [1440/4000]    eta: 0:01:18  time: 0.0297  data_time: 0.0013  memory: 1002  
2026/01/22 15:25:07 - mmengine - INFO - Iter(test) [1450/4000]    eta: 0:01:17  time: 0.0296  data_time: 0.0013  memory: 1002  
2026/01/22 15:25:07 - mmengine - INFO - Iter(test) [1460/4000]    eta: 0:01:17  time: 0.0295  data_time: 0.0013  memory: 1002  
2026/01/22 15:25:08 - mmengine - INFO - Iter(test) [1470/4000]    eta: 0:01:17  time: 0.0298  data_time: 0.0013  memory: 1002  
2026/01/22 15:25:08 - mmengine - INFO - Iter(test) [1480/4000]    eta: 0:01:17  time: 0.0297  data_time: 0.0013  memory: 1002  
2026/01/22 15:25:08 - mmengine - INFO - Iter(test) [1490/4000]    eta: 0:01:16  time: 0.0295  data_time: 0.0013  memory: 1002  
2026/01/22 15:25:09 - mmengine - INFO - Iter(test) [1500/4000]    eta: 0:01:16  time: 0.0297  data_time: 0.0013  memory: 1002  
2026/01/22 15:25:09 - mmengine - INFO - Iter(test) [1510/4000]    eta: 0:01:16  time: 0.0295  data_time: 0.0013  memory: 1002  
2026/01/22 15:25:09 - mmengine - INFO - Iter(test) [1520/4000]    eta: 0:01:15  time: 0.0295  data_time: 0.0013  memory: 1002  
2026/01/22 15:25:09 - mmengine - INFO - Iter(test) [1530/4000]    eta: 0:01:15  time: 0.0295  data_time: 0.0013  memory: 1002  
2026/01/22 15:25:10 - mmengine - INFO - Iter(test) [1540/4000]    eta: 0:01:15  time: 0.0297  data_time: 0.0013  memory: 1002  
2026/01/22 15:25:10 - mmengine - INFO - Iter(test) [1550/4000]    eta: 0:01:14  time: 0.0296  data_time: 0.0013  memory: 1002  
2026/01/22 15:25:10 - mmengine - INFO - Iter(test) [1560/4000]    eta: 0:01:14  time: 0.0296  data_time: 0.0013  memory: 1002  
2026/01/22 15:25:11 - mmengine - INFO - Iter(test) [1570/4000]    eta: 0:01:14  time: 0.0296  data_time: 0.0013  memory: 1002  
2026/01/22 15:25:11 - mmengine - INFO - Iter(test) [1580/4000]    eta: 0:01:13  time: 0.0297  data_time: 0.0013  memory: 1002  
2026/01/22 15:25:11 - mmengine - INFO - Iter(test) [1590/4000]    eta: 0:01:13  time: 0.0294  data_time: 0.0013  memory: 1002  
2026/01/22 15:25:12 - mmengine - INFO - Iter(test) [1600/4000]    eta: 0:01:13  time: 0.0296  data_time: 0.0013  memory: 1002  
2026/01/22 15:25:12 - mmengine - INFO - Iter(test) [1610/4000]    eta: 0:01:12  time: 0.0295  data_time: 0.0013  memory: 1002  
2026/01/22 15:25:12 - mmengine - INFO - Iter(test) [1620/4000]    eta: 0:01:12  time: 0.0295  data_time: 0.0013  memory: 1002  
2026/01/22 15:25:12 - mmengine - INFO - Iter(test) [1630/4000]    eta: 0:01:12  time: 0.0294  data_time: 0.0013  memory: 1002  
2026/01/22 15:25:13 - mmengine - INFO - Iter(test) [1640/4000]    eta: 0:01:11  time: 0.0296  data_time: 0.0014  memory: 1002  
2026/01/22 15:25:13 - mmengine - INFO - Iter(test) [1650/4000]    eta: 0:01:11  time: 0.0294  data_time: 0.0013  memory: 1002  
2026/01/22 15:25:13 - mmengine - INFO - Iter(test) [1660/4000]    eta: 0:01:11  time: 0.0296  data_time: 0.0013  memory: 1002  
2026/01/22 15:25:14 - mmengine - INFO - Iter(test) [1670/4000]    eta: 0:01:10  time: 0.0295  data_time: 0.0013  memory: 1002  
2026/01/22 15:25:14 - mmengine - INFO - Iter(test) [1680/4000]    eta: 0:01:10  time: 0.0297  data_time: 0.0013  memory: 1002  
2026/01/22 15:25:14 - mmengine - INFO - Iter(test) [1690/4000]    eta: 0:01:10  time: 0.0297  data_time: 0.0013  memory: 1002  
2026/01/22 15:25:14 - mmengine - INFO - Iter(test) [1700/4000]    eta: 0:01:09  time: 0.0298  data_time: 0.0013  memory: 1002  
2026/01/22 15:25:15 - mmengine - INFO - Iter(test) [1710/4000]    eta: 0:01:09  time: 0.0295  data_time: 0.0014  memory: 1002  
2026/01/22 15:25:15 - mmengine - INFO - Iter(test) [1720/4000]    eta: 0:01:09  time: 0.0296  data_time: 0.0013  memory: 1002  
2026/01/22 15:25:15 - mmengine - INFO - Iter(test) [1730/4000]    eta: 0:01:09  time: 0.0295  data_time: 0.0013  memory: 1002  
2026/01/22 15:25:16 - mmengine - INFO - Iter(test) [1740/4000]    eta: 0:01:08  time: 0.0297  data_time: 0.0013  memory: 1002  
2026/01/22 15:25:16 - mmengine - INFO - Iter(test) [1750/4000]    eta: 0:01:08  time: 0.0294  data_time: 0.0013  memory: 1002  
2026/01/22 15:25:16 - mmengine - INFO - Iter(test) [1760/4000]    eta: 0:01:08  time: 0.0295  data_time: 0.0013  memory: 1002  
2026/01/22 15:25:17 - mmengine - INFO - Iter(test) [1770/4000]    eta: 0:01:07  time: 0.0294  data_time: 0.0013  memory: 1002  
2026/01/22 15:25:17 - mmengine - INFO - Iter(test) [1780/4000]    eta: 0:01:07  time: 0.0296  data_time: 0.0013  memory: 1002  
2026/01/22 15:25:17 - mmengine - INFO - Iter(test) [1790/4000]    eta: 0:01:07  time: 0.0295  data_time: 0.0013  memory: 1002  
2026/01/22 15:25:17 - mmengine - INFO - Iter(test) [1800/4000]    eta: 0:01:06  time: 0.0302  data_time: 0.0013  memory: 1002  
2026/01/22 15:25:18 - mmengine - INFO - Iter(test) [1810/4000]    eta: 0:01:06  time: 0.0299  data_time: 0.0013  memory: 1002  
2026/01/22 15:25:18 - mmengine - INFO - Iter(test) [1820/4000]    eta: 0:01:06  time: 0.0296  data_time: 0.0013  memory: 1002  
2026/01/22 15:25:18 - mmengine - INFO - Iter(test) [1830/4000]    eta: 0:01:05  time: 0.0295  data_time: 0.0013  memory: 1002  
2026/01/22 15:25:19 - mmengine - INFO - Iter(test) [1840/4000]    eta: 0:01:05  time: 0.0295  data_time: 0.0013  memory: 1002  
2026/01/22 15:25:19 - mmengine - INFO - Iter(test) [1850/4000]    eta: 0:01:05  time: 0.0294  data_time: 0.0013  memory: 1002  
2026/01/22 15:25:19 - mmengine - INFO - Iter(test) [1860/4000]    eta: 0:01:04  time: 0.0296  data_time: 0.0014  memory: 1002  
2026/01/22 15:25:19 - mmengine - INFO - Iter(test) [1870/4000]    eta: 0:01:04  time: 0.0295  data_time: 0.0013  memory: 1002  
2026/01/22 15:25:20 - mmengine - INFO - Iter(test) [1880/4000]    eta: 0:01:04  time: 0.0297  data_time: 0.0013  memory: 1002  
2026/01/22 15:25:20 - mmengine - INFO - Iter(test) [1890/4000]    eta: 0:01:04  time: 0.0296  data_time: 0.0013  memory: 1002  
2026/01/22 15:25:20 - mmengine - INFO - Iter(test) [1900/4000]    eta: 0:01:03  time: 0.0297  data_time: 0.0014  memory: 1002  
2026/01/22 15:25:21 - mmengine - INFO - Iter(test) [1910/4000]    eta: 0:01:03  time: 0.0296  data_time: 0.0013  memory: 1002  
2026/01/22 15:25:21 - mmengine - INFO - Iter(test) [1920/4000]    eta: 0:01:03  time: 0.0296  data_time: 0.0013  memory: 1002  
2026/01/22 15:25:21 - mmengine - INFO - Iter(test) [1930/4000]    eta: 0:01:02  time: 0.0295  data_time: 0.0013  memory: 1002  
2026/01/22 15:25:22 - mmengine - INFO - Iter(test) [1940/4000]    eta: 0:01:02  time: 0.0296  data_time: 0.0013  memory: 1002  
2026/01/22 15:25:22 - mmengine - INFO - Iter(test) [1950/4000]    eta: 0:01:02  time: 0.0296  data_time: 0.0013  memory: 1002  
2026/01/22 15:25:22 - mmengine - INFO - Iter(test) [1960/4000]    eta: 0:01:01  time: 0.0296  data_time: 0.0014  memory: 1002  
2026/01/22 15:25:22 - mmengine - INFO - Iter(test) [1970/4000]    eta: 0:01:01  time: 0.0295  data_time: 0.0013  memory: 1002  
2026/01/22 15:25:23 - mmengine - INFO - Iter(test) [1980/4000]    eta: 0:01:01  time: 0.0296  data_time: 0.0013  memory: 1002  
2026/01/22 15:25:23 - mmengine - INFO - Iter(test) [1990/4000]    eta: 0:01:00  time: 0.0295  data_time: 0.0013  memory: 1002  
2026/01/22 15:25:23 - mmengine - INFO - Iter(test) [2000/4000]    eta: 0:01:00  time: 0.0295  data_time: 0.0013  memory: 1002  
2026/01/22 15:25:24 - mmengine - INFO - Iter(test) [2010/4000]    eta: 0:01:00  time: 0.0296  data_time: 0.0013  memory: 1002  
2026/01/22 15:25:24 - mmengine - INFO - Iter(test) [2020/4000]    eta: 0:00:59  time: 0.0297  data_time: 0.0014  memory: 1002  
2026/01/22 15:25:24 - mmengine - INFO - Iter(test) [2030/4000]    eta: 0:00:59  time: 0.0295  data_time: 0.0013  memory: 1002  
2026/01/22 15:25:25 - mmengine - INFO - Iter(test) [2040/4000]    eta: 0:00:59  time: 0.0297  data_time: 0.0013  memory: 1002  
2026/01/22 15:25:25 - mmengine - INFO - Iter(test) [2050/4000]    eta: 0:00:59  time: 0.0296  data_time: 0.0013  memory: 1002  
2026/01/22 15:25:25 - mmengine - INFO - Iter(test) [2060/4000]    eta: 0:00:58  time: 0.0296  data_time: 0.0013  memory: 1002  
2026/01/22 15:25:25 - mmengine - INFO - Iter(test) [2070/4000]    eta: 0:00:58  time: 0.0294  data_time: 0.0013  memory: 1002  
2026/01/22 15:25:26 - mmengine - INFO - Iter(test) [2080/4000]    eta: 0:00:58  time: 0.0297  data_time: 0.0013  memory: 1002  
2026/01/22 15:25:26 - mmengine - INFO - Iter(test) [2090/4000]    eta: 0:00:57  time: 0.0294  data_time: 0.0013  memory: 1002  
2026/01/22 15:25:26 - mmengine - INFO - Iter(test) [2100/4000]    eta: 0:00:57  time: 0.0296  data_time: 0.0013  memory: 1002  
2026/01/22 15:25:27 - mmengine - INFO - Iter(test) [2110/4000]    eta: 0:00:57  time: 0.0295  data_time: 0.0013  memory: 1002  
2026/01/22 15:25:27 - mmengine - INFO - Iter(test) [2120/4000]    eta: 0:00:56  time: 0.0296  data_time: 0.0013  memory: 1002  
2026/01/22 15:25:27 - mmengine - INFO - Iter(test) [2130/4000]    eta: 0:00:56  time: 0.0295  data_time: 0.0013  memory: 1002  
2026/01/22 15:25:27 - mmengine - INFO - Iter(test) [2140/4000]    eta: 0:00:56  time: 0.0296  data_time: 0.0013  memory: 1002  
2026/01/22 15:25:28 - mmengine - INFO - Iter(test) [2150/4000]    eta: 0:00:55  time: 0.0295  data_time: 0.0013  memory: 1002  
2026/01/22 15:25:28 - mmengine - INFO - Iter(test) [2160/4000]    eta: 0:00:55  time: 0.0295  data_time: 0.0013  memory: 1002  
2026/01/22 15:25:28 - mmengine - INFO - Iter(test) [2170/4000]    eta: 0:00:55  time: 0.0295  data_time: 0.0013  memory: 1002  
2026/01/22 15:25:29 - mmengine - INFO - Iter(test) [2180/4000]    eta: 0:00:55  time: 0.0297  data_time: 0.0013  memory: 1002  
2026/01/22 15:25:29 - mmengine - INFO - Iter(test) [2190/4000]    eta: 0:00:54  time: 0.0295  data_time: 0.0013  memory: 1002  
2026/01/22 15:25:29 - mmengine - INFO - Iter(test) [2200/4000]    eta: 0:00:54  time: 0.0297  data_time: 0.0013  memory: 1002  
2026/01/22 15:25:30 - mmengine - INFO - Iter(test) [2210/4000]    eta: 0:00:54  time: 0.0296  data_time: 0.0013  memory: 1002  
2026/01/22 15:25:30 - mmengine - INFO - Iter(test) [2220/4000]    eta: 0:00:53  time: 0.0296  data_time: 0.0013  memory: 1002  
2026/01/22 15:25:30 - mmengine - INFO - Iter(test) [2230/4000]    eta: 0:00:53  time: 0.0296  data_time: 0.0013  memory: 1002  
2026/01/22 15:25:30 - mmengine - INFO - Iter(test) [2240/4000]    eta: 0:00:53  time: 0.0298  data_time: 0.0013  memory: 1002  
2026/01/22 15:25:31 - mmengine - INFO - Iter(test) [2250/4000]    eta: 0:00:52  time: 0.0297  data_time: 0.0013  memory: 1002  
2026/01/22 15:25:31 - mmengine - INFO - Iter(test) [2260/4000]    eta: 0:00:52  time: 0.0298  data_time: 0.0013  memory: 1002  
2026/01/22 15:25:31 - mmengine - INFO - Iter(test) [2270/4000]    eta: 0:00:52  time: 0.0297  data_time: 0.0013  memory: 1002  
2026/01/22 15:25:32 - mmengine - INFO - Iter(test) [2280/4000]    eta: 0:00:51  time: 0.0300  data_time: 0.0013  memory: 1002  
2026/01/22 15:25:32 - mmengine - INFO - Iter(test) [2290/4000]    eta: 0:00:51  time: 0.0297  data_time: 0.0013  memory: 1002  
2026/01/22 15:25:32 - mmengine - INFO - Iter(test) [2300/4000]    eta: 0:00:51  time: 0.0298  data_time: 0.0013  memory: 1002  
2026/01/22 15:25:33 - mmengine - INFO - Iter(test) [2310/4000]    eta: 0:00:51  time: 0.0296  data_time: 0.0013  memory: 1002  
2026/01/22 15:25:33 - mmengine - INFO - Iter(test) [2320/4000]    eta: 0:00:50  time: 0.0297  data_time: 0.0013  memory: 1002  
2026/01/22 15:25:33 - mmengine - INFO - Iter(test) [2330/4000]    eta: 0:00:50  time: 0.0296  data_time: 0.0013  memory: 1002  
2026/01/22 15:25:33 - mmengine - INFO - Iter(test) [2340/4000]    eta: 0:00:50  time: 0.0296  data_time: 0.0013  memory: 1002  
2026/01/22 15:25:34 - mmengine - INFO - Iter(test) [2350/4000]    eta: 0:00:49  time: 0.0295  data_time: 0.0013  memory: 1002  
2026/01/22 15:25:34 - mmengine - INFO - Iter(test) [2360/4000]    eta: 0:00:49  time: 0.0296  data_time: 0.0013  memory: 1002  
2026/01/22 15:25:34 - mmengine - INFO - Iter(test) [2370/4000]    eta: 0:00:49  time: 0.0295  data_time: 0.0013  memory: 1002  
2026/01/22 15:25:35 - mmengine - INFO - Iter(test) [2380/4000]    eta: 0:00:48  time: 0.0300  data_time: 0.0014  memory: 1002  
2026/01/22 15:25:35 - mmengine - INFO - Iter(test) [2390/4000]    eta: 0:00:48  time: 0.0295  data_time: 0.0013  memory: 1002  
2026/01/22 15:25:35 - mmengine - INFO - Iter(test) [2400/4000]    eta: 0:00:48  time: 0.0294  data_time: 0.0013  memory: 1002  
2026/01/22 15:25:35 - mmengine - INFO - Iter(test) [2410/4000]    eta: 0:00:47  time: 0.0292  data_time: 0.0013  memory: 1002  
2026/01/22 15:25:36 - mmengine - INFO - Iter(test) [2420/4000]    eta: 0:00:47  time: 0.0297  data_time: 0.0013  memory: 1002  
2026/01/22 15:25:36 - mmengine - INFO - Iter(test) [2430/4000]    eta: 0:00:47  time: 0.0292  data_time: 0.0013  memory: 1002  
2026/01/22 15:25:36 - mmengine - INFO - Iter(test) [2440/4000]    eta: 0:00:47  time: 0.0293  data_time: 0.0013  memory: 1002  
2026/01/22 15:25:37 - mmengine - INFO - Iter(test) [2450/4000]    eta: 0:00:46  time: 0.0298  data_time: 0.0013  memory: 1002  
2026/01/22 15:25:37 - mmengine - INFO - Iter(test) [2460/4000]    eta: 0:00:46  time: 0.0296  data_time: 0.0013  memory: 1002  
2026/01/22 15:25:37 - mmengine - INFO - Iter(test) [2470/4000]    eta: 0:00:46  time: 0.0292  data_time: 0.0013  memory: 1002  
2026/01/22 15:25:38 - mmengine - INFO - Iter(test) [2480/4000]    eta: 0:00:45  time: 0.0298  data_time: 0.0013  memory: 1002  
2026/01/22 15:25:38 - mmengine - INFO - Iter(test) [2490/4000]    eta: 0:00:45  time: 0.0294  data_time: 0.0013  memory: 1002  
2026/01/22 15:25:38 - mmengine - INFO - Iter(test) [2500/4000]    eta: 0:00:45  time: 0.0295  data_time: 0.0013  memory: 1002  
2026/01/22 15:25:38 - mmengine - INFO - Iter(test) [2510/4000]    eta: 0:00:44  time: 0.0295  data_time: 0.0013  memory: 1002  
2026/01/22 15:25:39 - mmengine - INFO - Iter(test) [2520/4000]    eta: 0:00:44  time: 0.0296  data_time: 0.0013  memory: 1002  
2026/01/22 15:25:39 - mmengine - INFO - Iter(test) [2530/4000]    eta: 0:00:44  time: 0.0294  data_time: 0.0013  memory: 1002  
2026/01/22 15:25:39 - mmengine - INFO - Iter(test) [2540/4000]    eta: 0:00:44  time: 0.0294  data_time: 0.0013  memory: 1002  
2026/01/22 15:25:40 - mmengine - INFO - Iter(test) [2550/4000]    eta: 0:00:43  time: 0.0295  data_time: 0.0013  memory: 1002  
2026/01/22 15:25:40 - mmengine - INFO - Iter(test) [2560/4000]    eta: 0:00:43  time: 0.0295  data_time: 0.0012  memory: 1002  
2026/01/22 15:25:40 - mmengine - INFO - Iter(test) [2570/4000]    eta: 0:00:43  time: 0.0295  data_time: 0.0013  memory: 1002  
2026/01/22 15:25:41 - mmengine - INFO - Iter(test) [2580/4000]    eta: 0:00:42  time: 0.0295  data_time: 0.0013  memory: 1002  
2026/01/22 15:25:41 - mmengine - INFO - Iter(test) [2590/4000]    eta: 0:00:42  time: 0.0294  data_time: 0.0013  memory: 1002  
2026/01/22 15:25:41 - mmengine - INFO - Iter(test) [2600/4000]    eta: 0:00:42  time: 0.0294  data_time: 0.0013  memory: 1002  
2026/01/22 15:25:41 - mmengine - INFO - Iter(test) [2610/4000]    eta: 0:00:41  time: 0.0295  data_time: 0.0013  memory: 1002  
2026/01/22 15:25:42 - mmengine - INFO - Iter(test) [2620/4000]    eta: 0:00:41  time: 0.0294  data_time: 0.0013  memory: 1002  
2026/01/22 15:25:42 - mmengine - INFO - Iter(test) [2630/4000]    eta: 0:00:41  time: 0.0296  data_time: 0.0013  memory: 1002  
2026/01/22 15:25:42 - mmengine - INFO - Iter(test) [2640/4000]    eta: 0:00:40  time: 0.0296  data_time: 0.0013  memory: 1002  
2026/01/22 15:25:43 - mmengine - INFO - Iter(test) [2650/4000]    eta: 0:00:40  time: 0.0296  data_time: 0.0013  memory: 1002  
2026/01/22 15:25:43 - mmengine - INFO - Iter(test) [2660/4000]    eta: 0:00:40  time: 0.0294  data_time: 0.0013  memory: 1002  
2026/01/22 15:25:43 - mmengine - INFO - Iter(test) [2670/4000]    eta: 0:00:40  time: 0.0294  data_time: 0.0013  memory: 1002  
2026/01/22 15:25:43 - mmengine - INFO - Iter(test) [2680/4000]    eta: 0:00:39  time: 0.0294  data_time: 0.0013  memory: 1002  
2026/01/22 15:25:44 - mmengine - INFO - Iter(test) [2690/4000]    eta: 0:00:39  time: 0.0296  data_time: 0.0013  memory: 1002  
2026/01/22 15:25:44 - mmengine - INFO - Iter(test) [2700/4000]    eta: 0:00:39  time: 0.0296  data_time: 0.0013  memory: 1002  
2026/01/22 15:25:44 - mmengine - INFO - Iter(test) [2710/4000]    eta: 0:00:38  time: 0.0296  data_time: 0.0013  memory: 1002  
2026/01/22 15:25:45 - mmengine - INFO - Iter(test) [2720/4000]    eta: 0:00:38  time: 0.0295  data_time: 0.0013  memory: 1002  
2026/01/22 15:25:45 - mmengine - INFO - Iter(test) [2730/4000]    eta: 0:00:38  time: 0.0295  data_time: 0.0013  memory: 1002  
2026/01/22 15:25:45 - mmengine - INFO - Iter(test) [2740/4000]    eta: 0:00:37  time: 0.0296  data_time: 0.0013  memory: 1002  
2026/01/22 15:25:46 - mmengine - INFO - Iter(test) [2750/4000]    eta: 0:00:37  time: 0.0295  data_time: 0.0013  memory: 1002  
2026/01/22 15:25:46 - mmengine - INFO - Iter(test) [2760/4000]    eta: 0:00:37  time: 0.0295  data_time: 0.0013  memory: 1002  
2026/01/22 15:25:46 - mmengine - INFO - Iter(test) [2770/4000]    eta: 0:00:37  time: 0.0295  data_time: 0.0013  memory: 1002  
2026/01/22 15:25:46 - mmengine - INFO - Iter(test) [2780/4000]    eta: 0:00:36  time: 0.0294  data_time: 0.0013  memory: 1002  
2026/01/22 15:25:47 - mmengine - INFO - Iter(test) [2790/4000]    eta: 0:00:36  time: 0.0294  data_time: 0.0013  memory: 1002  
2026/01/22 15:25:47 - mmengine - INFO - Iter(test) [2800/4000]    eta: 0:00:36  time: 0.0294  data_time: 0.0013  memory: 1002  
2026/01/22 15:25:47 - mmengine - INFO - Iter(test) [2810/4000]    eta: 0:00:35  time: 0.0295  data_time: 0.0013  memory: 1002  
2026/01/22 15:25:48 - mmengine - INFO - Iter(test) [2820/4000]    eta: 0:00:35  time: 0.0295  data_time: 0.0013  memory: 1002  
2026/01/22 15:25:48 - mmengine - INFO - Iter(test) [2830/4000]    eta: 0:00:35  time: 0.0295  data_time: 0.0013  memory: 1002  
2026/01/22 15:25:48 - mmengine - INFO - Iter(test) [2840/4000]    eta: 0:00:34  time: 0.0296  data_time: 0.0013  memory: 1002  
2026/01/22 15:25:48 - mmengine - INFO - Iter(test) [2850/4000]    eta: 0:00:34  time: 0.0294  data_time: 0.0013  memory: 1002  
2026/01/22 15:25:49 - mmengine - INFO - Iter(test) [2860/4000]    eta: 0:00:34  time: 0.0294  data_time: 0.0013  memory: 1002  
2026/01/22 15:25:49 - mmengine - INFO - Iter(test) [2870/4000]    eta: 0:00:33  time: 0.0294  data_time: 0.0013  memory: 1002  
2026/01/22 15:25:49 - mmengine - INFO - Iter(test) [2880/4000]    eta: 0:00:33  time: 0.0295  data_time: 0.0013  memory: 1002  
2026/01/22 15:25:50 - mmengine - INFO - Iter(test) [2890/4000]    eta: 0:00:33  time: 0.0296  data_time: 0.0013  memory: 1002  
2026/01/22 15:25:50 - mmengine - INFO - Iter(test) [2900/4000]    eta: 0:00:33  time: 0.0296  data_time: 0.0013  memory: 1002  
2026/01/22 15:25:50 - mmengine - INFO - Iter(test) [2910/4000]    eta: 0:00:32  time: 0.0300  data_time: 0.0013  memory: 1002  
2026/01/22 15:25:51 - mmengine - INFO - Iter(test) [2920/4000]    eta: 0:00:32  time: 0.0294  data_time: 0.0013  memory: 1002  
2026/01/22 15:25:51 - mmengine - INFO - Iter(test) [2930/4000]    eta: 0:00:32  time: 0.0296  data_time: 0.0013  memory: 1002  
2026/01/22 15:25:51 - mmengine - INFO - Iter(test) [2940/4000]    eta: 0:00:31  time: 0.0295  data_time: 0.0013  memory: 1002  
2026/01/22 15:25:51 - mmengine - INFO - Iter(test) [2950/4000]    eta: 0:00:31  time: 0.0296  data_time: 0.0013  memory: 1002  
2026/01/22 15:25:52 - mmengine - INFO - Iter(test) [2960/4000]    eta: 0:00:31  time: 0.0295  data_time: 0.0013  memory: 1002  
2026/01/22 15:25:52 - mmengine - INFO - Iter(test) [2970/4000]    eta: 0:00:30  time: 0.0295  data_time: 0.0013  memory: 1002  
2026/01/22 15:25:52 - mmengine - INFO - Iter(test) [2980/4000]    eta: 0:00:30  time: 0.0295  data_time: 0.0013  memory: 1002  
2026/01/22 15:25:53 - mmengine - INFO - Iter(test) [2990/4000]    eta: 0:00:30  time: 0.0296  data_time: 0.0013  memory: 1002  
2026/01/22 15:25:53 - mmengine - INFO - Iter(test) [3000/4000]    eta: 0:00:30  time: 0.0296  data_time: 0.0013  memory: 1002  
2026/01/22 15:25:53 - mmengine - INFO - Iter(test) [3010/4000]    eta: 0:00:29  time: 0.0297  data_time: 0.0013  memory: 1002  
2026/01/22 15:25:54 - mmengine - INFO - Iter(test) [3020/4000]    eta: 0:00:29  time: 0.0301  data_time: 0.0013  memory: 1002  
2026/01/22 15:25:54 - mmengine - INFO - Iter(test) [3030/4000]    eta: 0:00:29  time: 0.0296  data_time: 0.0013  memory: 1002  
2026/01/22 15:25:54 - mmengine - INFO - Iter(test) [3040/4000]    eta: 0:00:28  time: 0.0296  data_time: 0.0013  memory: 1002  
2026/01/22 15:25:54 - mmengine - INFO - Iter(test) [3050/4000]    eta: 0:00:28  time: 0.0296  data_time: 0.0013  memory: 1002  
2026/01/22 15:25:55 - mmengine - INFO - Iter(test) [3060/4000]    eta: 0:00:28  time: 0.0296  data_time: 0.0013  memory: 1002  
2026/01/22 15:25:55 - mmengine - INFO - Iter(test) [3070/4000]    eta: 0:00:27  time: 0.0296  data_time: 0.0013  memory: 1002  
2026/01/22 15:25:55 - mmengine - INFO - Iter(test) [3080/4000]    eta: 0:00:27  time: 0.0296  data_time: 0.0013  memory: 1002  
2026/01/22 15:25:56 - mmengine - INFO - Iter(test) [3090/4000]    eta: 0:00:27  time: 0.0297  data_time: 0.0013  memory: 1002  
2026/01/22 15:25:56 - mmengine - INFO - Iter(test) [3100/4000]    eta: 0:00:27  time: 0.0295  data_time: 0.0013  memory: 1002  
2026/01/22 15:25:56 - mmengine - INFO - Iter(test) [3110/4000]    eta: 0:00:26  time: 0.0296  data_time: 0.0013  memory: 1002  
2026/01/22 15:25:56 - mmengine - INFO - Iter(test) [3120/4000]    eta: 0:00:26  time: 0.0296  data_time: 0.0013  memory: 1002  
2026/01/22 15:25:57 - mmengine - INFO - Iter(test) [3130/4000]    eta: 0:00:26  time: 0.0296  data_time: 0.0013  memory: 1002  
2026/01/22 15:25:57 - mmengine - INFO - Iter(test) [3140/4000]    eta: 0:00:25  time: 0.0296  data_time: 0.0013  memory: 1002  
2026/01/22 15:25:57 - mmengine - INFO - Iter(test) [3150/4000]    eta: 0:00:25  time: 0.0297  data_time: 0.0013  memory: 1002  
2026/01/22 15:25:58 - mmengine - INFO - Iter(test) [3160/4000]    eta: 0:00:25  time: 0.0294  data_time: 0.0013  memory: 1002  
2026/01/22 15:25:58 - mmengine - INFO - Iter(test) [3170/4000]    eta: 0:00:24  time: 0.0295  data_time: 0.0013  memory: 1002  
2026/01/22 15:25:58 - mmengine - INFO - Iter(test) [3180/4000]    eta: 0:00:24  time: 0.0295  data_time: 0.0013  memory: 1002  
2026/01/22 15:25:59 - mmengine - INFO - Iter(test) [3190/4000]    eta: 0:00:24  time: 0.0295  data_time: 0.0013  memory: 1002  
2026/01/22 15:25:59 - mmengine - INFO - Iter(test) [3200/4000]    eta: 0:00:24  time: 0.0295  data_time: 0.0013  memory: 1002  
2026/01/22 15:25:59 - mmengine - INFO - Iter(test) [3210/4000]    eta: 0:00:23  time: 0.0299  data_time: 0.0013  memory: 1002  
2026/01/22 15:25:59 - mmengine - INFO - Iter(test) [3220/4000]    eta: 0:00:23  time: 0.0304  data_time: 0.0014  memory: 1002  
2026/01/22 15:26:00 - mmengine - INFO - Iter(test) [3230/4000]    eta: 0:00:23  time: 0.0295  data_time: 0.0013  memory: 1002  
2026/01/22 15:26:00 - mmengine - INFO - Iter(test) [3240/4000]    eta: 0:00:22  time: 0.0296  data_time: 0.0013  memory: 1002  
2026/01/22 15:26:00 - mmengine - INFO - Iter(test) [3250/4000]    eta: 0:00:22  time: 0.0296  data_time: 0.0013  memory: 1002  
2026/01/22 15:26:01 - mmengine - INFO - Iter(test) [3260/4000]    eta: 0:00:22  time: 0.0295  data_time: 0.0012  memory: 1002  
2026/01/22 15:26:01 - mmengine - INFO - Iter(test) [3270/4000]    eta: 0:00:21  time: 0.0296  data_time: 0.0012  memory: 1002  
2026/01/22 15:26:01 - mmengine - INFO - Iter(test) [3280/4000]    eta: 0:00:21  time: 0.0295  data_time: 0.0013  memory: 1002  
2026/01/22 15:26:02 - mmengine - INFO - Iter(test) [3290/4000]    eta: 0:00:21  time: 0.0295  data_time: 0.0013  memory: 1002  
2026/01/22 15:26:02 - mmengine - INFO - Iter(test) [3300/4000]    eta: 0:00:21  time: 0.0294  data_time: 0.0013  memory: 1002  
2026/01/22 15:26:02 - mmengine - INFO - Iter(test) [3310/4000]    eta: 0:00:20  time: 0.0294  data_time: 0.0013  memory: 1002  
2026/01/22 15:26:02 - mmengine - INFO - Iter(test) [3320/4000]    eta: 0:00:20  time: 0.0295  data_time: 0.0012  memory: 1002  
2026/01/22 15:26:03 - mmengine - INFO - Iter(test) [3330/4000]    eta: 0:00:20  time: 0.0295  data_time: 0.0012  memory: 1002  
2026/01/22 15:26:03 - mmengine - INFO - Iter(test) [3340/4000]    eta: 0:00:19  time: 0.0296  data_time: 0.0012  memory: 1002  
2026/01/22 15:26:03 - mmengine - INFO - Iter(test) [3350/4000]    eta: 0:00:19  time: 0.0294  data_time: 0.0013  memory: 1002  
2026/01/22 15:26:04 - mmengine - INFO - Iter(test) [3360/4000]    eta: 0:00:19  time: 0.0295  data_time: 0.0013  memory: 1002  
2026/01/22 15:26:04 - mmengine - INFO - Iter(test) [3370/4000]    eta: 0:00:18  time: 0.0295  data_time: 0.0013  memory: 1002  
2026/01/22 15:26:04 - mmengine - INFO - Iter(test) [3380/4000]    eta: 0:00:18  time: 0.0296  data_time: 0.0012  memory: 1002  
2026/01/22 15:26:04 - mmengine - INFO - Iter(test) [3390/4000]    eta: 0:00:18  time: 0.0298  data_time: 0.0013  memory: 1002  
2026/01/22 15:26:05 - mmengine - INFO - Iter(test) [3400/4000]    eta: 0:00:17  time: 0.0295  data_time: 0.0013  memory: 1002  
2026/01/22 15:26:05 - mmengine - INFO - Iter(test) [3410/4000]    eta: 0:00:17  time: 0.0293  data_time: 0.0012  memory: 1002  
2026/01/22 15:26:05 - mmengine - INFO - Iter(test) [3420/4000]    eta: 0:00:17  time: 0.0294  data_time: 0.0012  memory: 1002  
2026/01/22 15:26:06 - mmengine - INFO - Iter(test) [3430/4000]    eta: 0:00:17  time: 0.0295  data_time: 0.0013  memory: 1002  
2026/01/22 15:26:06 - mmengine - INFO - Iter(test) [3440/4000]    eta: 0:00:16  time: 0.0295  data_time: 0.0013  memory: 1002  
2026/01/22 15:26:06 - mmengine - INFO - Iter(test) [3450/4000]    eta: 0:00:16  time: 0.0296  data_time: 0.0013  memory: 1002  
2026/01/22 15:26:07 - mmengine - INFO - Iter(test) [3460/4000]    eta: 0:00:16  time: 0.0297  data_time: 0.0013  memory: 1002  
2026/01/22 15:26:07 - mmengine - INFO - Iter(test) [3470/4000]    eta: 0:00:15  time: 0.0295  data_time: 0.0013  memory: 1002  
2026/01/22 15:26:07 - mmengine - INFO - Iter(test) [3480/4000]    eta: 0:00:15  time: 0.0293  data_time: 0.0012  memory: 1002  
2026/01/22 15:26:07 - mmengine - INFO - Iter(test) [3490/4000]    eta: 0:00:15  time: 0.0295  data_time: 0.0013  memory: 1002  
2026/01/22 15:26:08 - mmengine - INFO - Iter(test) [3500/4000]    eta: 0:00:14  time: 0.0296  data_time: 0.0013  memory: 1002  
2026/01/22 15:26:08 - mmengine - INFO - Iter(test) [3510/4000]    eta: 0:00:14  time: 0.0296  data_time: 0.0012  memory: 1002  
2026/01/22 15:26:08 - mmengine - INFO - Iter(test) [3520/4000]    eta: 0:00:14  time: 0.0296  data_time: 0.0012  memory: 1002  
2026/01/22 15:26:09 - mmengine - INFO - Iter(test) [3530/4000]    eta: 0:00:14  time: 0.0296  data_time: 0.0013  memory: 1002  
2026/01/22 15:26:09 - mmengine - INFO - Iter(test) [3540/4000]    eta: 0:00:13  time: 0.0294  data_time: 0.0012  memory: 1002  
2026/01/22 15:26:09 - mmengine - INFO - Iter(test) [3550/4000]    eta: 0:00:13  time: 0.0296  data_time: 0.0013  memory: 1002  
2026/01/22 15:26:09 - mmengine - INFO - Iter(test) [3560/4000]    eta: 0:00:13  time: 0.0297  data_time: 0.0012  memory: 1002  
2026/01/22 15:26:10 - mmengine - INFO - Iter(test) [3570/4000]    eta: 0:00:12  time: 0.0298  data_time: 0.0013  memory: 1002  
2026/01/22 15:26:10 - mmengine - INFO - Iter(test) [3580/4000]    eta: 0:00:12  time: 0.0300  data_time: 0.0012  memory: 1002  
2026/01/22 15:26:10 - mmengine - INFO - Iter(test) [3590/4000]    eta: 0:00:12  time: 0.0297  data_time: 0.0013  memory: 1002  
2026/01/22 15:26:11 - mmengine - INFO - Iter(test) [3600/4000]    eta: 0:00:11  time: 0.0295  data_time: 0.0012  memory: 1002  
2026/01/22 15:26:11 - mmengine - INFO - Iter(test) [3610/4000]    eta: 0:00:11  time: 0.0296  data_time: 0.0012  memory: 1002  
2026/01/22 15:26:11 - mmengine - INFO - Iter(test) [3620/4000]    eta: 0:00:11  time: 0.0296  data_time: 0.0012  memory: 1002  
2026/01/22 15:26:12 - mmengine - INFO - Iter(test) [3630/4000]    eta: 0:00:11  time: 0.0297  data_time: 0.0012  memory: 1002  
2026/01/22 15:26:12 - mmengine - INFO - Iter(test) [3640/4000]    eta: 0:00:10  time: 0.0297  data_time: 0.0013  memory: 1002  
2026/01/22 15:26:12 - mmengine - INFO - Iter(test) [3650/4000]    eta: 0:00:10  time: 0.0297  data_time: 0.0012  memory: 1002  
2026/01/22 15:26:12 - mmengine - INFO - Iter(test) [3660/4000]    eta: 0:00:10  time: 0.0296  data_time: 0.0013  memory: 1002  
2026/01/22 15:26:13 - mmengine - INFO - Iter(test) [3670/4000]    eta: 0:00:09  time: 0.0296  data_time: 0.0012  memory: 1002  
2026/01/22 15:26:13 - mmengine - INFO - Iter(test) [3680/4000]    eta: 0:00:09  time: 0.0296  data_time: 0.0012  memory: 1002  
2026/01/22 15:26:13 - mmengine - INFO - Iter(test) [3690/4000]    eta: 0:00:09  time: 0.0297  data_time: 0.0013  memory: 1002  
2026/01/22 15:26:14 - mmengine - INFO - Iter(test) [3700/4000]    eta: 0:00:08  time: 0.0297  data_time: 0.0013  memory: 1002  
2026/01/22 15:26:14 - mmengine - INFO - Iter(test) [3710/4000]    eta: 0:00:08  time: 0.0298  data_time: 0.0012  memory: 1002  
2026/01/22 15:26:14 - mmengine - INFO - Iter(test) [3720/4000]    eta: 0:00:08  time: 0.0297  data_time: 0.0013  memory: 1002  
2026/01/22 15:26:15 - mmengine - INFO - Iter(test) [3730/4000]    eta: 0:00:08  time: 0.0295  data_time: 0.0013  memory: 1002  
2026/01/22 15:26:15 - mmengine - INFO - Iter(test) [3740/4000]    eta: 0:00:07  time: 0.0294  data_time: 0.0013  memory: 1002  
2026/01/22 15:26:15 - mmengine - INFO - Iter(test) [3750/4000]    eta: 0:00:07  time: 0.0295  data_time: 0.0013  memory: 1002  
2026/01/22 15:26:15 - mmengine - INFO - Iter(test) [3760/4000]    eta: 0:00:07  time: 0.0297  data_time: 0.0013  memory: 1002  
2026/01/22 15:26:16 - mmengine - INFO - Iter(test) [3770/4000]    eta: 0:00:06  time: 0.0296  data_time: 0.0012  memory: 1002  
2026/01/22 15:26:16 - mmengine - INFO - Iter(test) [3780/4000]    eta: 0:00:06  time: 0.0296  data_time: 0.0012  memory: 1002  
2026/01/22 15:26:16 - mmengine - INFO - Iter(test) [3790/4000]    eta: 0:00:06  time: 0.0296  data_time: 0.0013  memory: 1002  
2026/01/22 15:26:17 - mmengine - INFO - Iter(test) [3800/4000]    eta: 0:00:05  time: 0.0296  data_time: 0.0013  memory: 1002  
2026/01/22 15:26:17 - mmengine - INFO - Iter(test) [3810/4000]    eta: 0:00:05  time: 0.0296  data_time: 0.0013  memory: 1002  
2026/01/22 15:26:17 - mmengine - INFO - Iter(test) [3820/4000]    eta: 0:00:05  time: 0.0297  data_time: 0.0013  memory: 1002  
2026/01/22 15:26:18 - mmengine - INFO - Iter(test) [3830/4000]    eta: 0:00:05  time: 0.0296  data_time: 0.0012  memory: 1002  
2026/01/22 15:26:18 - mmengine - INFO - Iter(test) [3840/4000]    eta: 0:00:04  time: 0.0297  data_time: 0.0013  memory: 1002  
2026/01/22 15:26:18 - mmengine - INFO - Iter(test) [3850/4000]    eta: 0:00:04  time: 0.0296  data_time: 0.0013  memory: 1002  
2026/01/22 15:26:18 - mmengine - INFO - Iter(test) [3860/4000]    eta: 0:00:04  time: 0.0295  data_time: 0.0012  memory: 1002  
2026/01/22 15:26:19 - mmengine - INFO - Iter(test) [3870/4000]    eta: 0:00:03  time: 0.0296  data_time: 0.0012  memory: 1002  
2026/01/22 15:26:19 - mmengine - INFO - Iter(test) [3880/4000]    eta: 0:00:03  time: 0.0296  data_time: 0.0012  memory: 1002  
2026/01/22 15:26:19 - mmengine - INFO - Iter(test) [3890/4000]    eta: 0:00:03  time: 0.0296  data_time: 0.0013  memory: 1002  
2026/01/22 15:26:20 - mmengine - INFO - Iter(test) [3900/4000]    eta: 0:00:02  time: 0.0296  data_time: 0.0013  memory: 1002  
2026/01/22 15:26:20 - mmengine - INFO - Iter(test) [3910/4000]    eta: 0:00:02  time: 0.0296  data_time: 0.0013  memory: 1002  
2026/01/22 15:26:20 - mmengine - INFO - Iter(test) [3920/4000]    eta: 0:00:02  time: 0.0295  data_time: 0.0012  memory: 1002  
2026/01/22 15:26:20 - mmengine - INFO - Iter(test) [3930/4000]    eta: 0:00:02  time: 0.0295  data_time: 0.0013  memory: 1002  
2026/01/22 15:26:21 - mmengine - INFO - Iter(test) [3940/4000]    eta: 0:00:01  time: 0.0296  data_time: 0.0013  memory: 1002  
2026/01/22 15:26:21 - mmengine - INFO - Iter(test) [3950/4000]    eta: 0:00:01  time: 0.0296  data_time: 0.0012  memory: 1002  
2026/01/22 15:26:21 - mmengine - INFO - Iter(test) [3960/4000]    eta: 0:00:01  time: 0.0298  data_time: 0.0012  memory: 1002  
2026/01/22 15:26:22 - mmengine - INFO - Iter(test) [3970/4000]    eta: 0:00:00  time: 0.0298  data_time: 0.0012  memory: 1002  
2026/01/22 15:26:22 - mmengine - INFO - Iter(test) [3980/4000]    eta: 0:00:00  time: 0.0295  data_time: 0.0012  memory: 1002  
2026/01/22 15:26:22 - mmengine - INFO - Iter(test) [3990/4000]    eta: 0:00:00  time: 0.0295  data_time: 0.0012  memory: 1002  
2026/01/22 15:26:23 - mmengine - INFO - Iter(test) [4000/4000]    eta: 0:00:00  time: 0.0295  data_time: 0.0012  memory: 1002  
2026/01/22 15:26:23 - mmengine - INFO - per class results:
2026/01/22 15:26:23 - mmengine - INFO - 
+------------+-------+-------+
|   Class    |  IoU  |  Acc  |
+------------+-------+-------+
| background |  90.1 | 95.45 |
|  building  | 70.38 | 80.76 |
+------------+-------+-------+
2026/01/22 15:26:23 - mmengine - INFO - Iter(test) [4000/4000]    aAcc: 91.9900  mIoU: 80.2400  mAcc: 88.1000  data_time: 0.0014  time: 0.0299
